Arguments: 
  /usr/local/node-v20.0.0-linux-x64/bin/node /usr/share/yarn/bin/yarn.js

PATH: 
  /usr/local/sbin:/usr/local/bin:/usr/sbin:/usr/bin:/sbin:/bin:/usr/games:/usr/local/games:/snap/bin:/snap/bin:/usr/local/node-v20.0.0-linux-x64/bin

Yarn version: 
  1.22.19

Node version: 
  20.0.0

Platform: 
  linux x64

Trace: 
  AggregateError
      at internalConnectMultiple (node:net:1102:18)
      at internalConnectMultiple (node:net:1160:5)
      at internalConnectMultiple (node:net:1160:5)
      at internalConnectMultiple (node:net:1160:5)
      at internalConnectMultiple (node:net:1160:5)
      at internalConnectMultiple (node:net:1160:5)
      at internalConnectMultiple (node:net:1160:5)
      at internalConnectMultiple (node:net:1160:5)
      at internalConnectMultiple (node:net:1160:5)

npm manifest: 
  {
    "name": "css-grid",
    "version": "1.0.0",
    "description": "",
    "main": "index.js",
    "scripts": {
      "start": "run-script-os",
      "start:win32": "browser-sync start --server --files '**/*.css, **/*.html, **/*.js, !node_modules/**/*' --directory --port 7777 --browser \"C:\\Program Files\\Firefox Developer Edition\\firefox.exe\"",
      "//": "Hello! If you are having trouble running this command. Try changing Firefox Developer Edition to FirefoxDeveloperEdition",
      "start:darwin:linux": "browser-sync start --server --files '**/*.css, **/*.html, **/*.js, !node_modules/**/*' --directory --port 7777 --browser 'Firefox Developer Edition'"
    },
    "author": "",
    "license": "ISC",
    "devDependencies": {
      "browser-sync": "^2.26.13",
      "run-script-os": "^1.1.5"
    }
  }

yarn manifest: 
  No manifest

Lockfile: 
  No lockfile
